{"contracts\\mocks\\BasicNFT.sol":{"l":{"16":16,"17":16,"18":16,"22":1},"path":"D:\\blockchain-fcc\\nft-marketplace\\contracts\\mocks\\BasicNFT.sol","s":{"1":16,"2":16,"3":16,"4":1},"b":{},"f":{"1":3,"2":16,"3":1},"fnMap":{"1":{"name":"constructor","line":11,"loc":{"start":{"line":11,"column":4},"end":{"line":13,"column":4}}},"2":{"name":"mint","line":15,"loc":{"start":{"line":15,"column":4},"end":{"line":19,"column":4}}},"3":{"name":"tokenURI","line":21,"loc":{"start":{"line":21,"column":4},"end":{"line":23,"column":4}}}},"statementMap":{"1":{"start":{"line":16,"column":12},"end":{"line":16,"column":24}},"2":{"start":{"line":17,"column":12},"end":{"line":17,"column":39}},"3":{"start":{"line":18,"column":12},"end":{"line":18,"column":42}},"4":{"start":{"line":22,"column":12},"end":{"line":22,"column":37}}},"branchMap":{}},"contracts\\NFTMarketplace.sol":{"l":{"32":14,"33":14,"34":1,"36":13,"40":17,"41":17,"42":17,"43":2,"45":15,"49":7,"50":7,"51":2,"53":5,"58":12,"59":1,"62":11,"63":11,"64":1,"67":10,"68":10,"74":3,"75":3,"76":1,"78":2,"79":2,"80":2,"81":2,"85":1,"86":1,"90":1,"91":1,"95":2,"96":2,"97":1,"100":1,"101":1,"102":1,"103":0,"108":6,"112":3},"path":"D:\\blockchain-fcc\\nft-marketplace\\contracts\\NFTMarketplace.sol","s":{"1":14,"2":14,"3":17,"4":17,"5":17,"6":7,"7":7,"8":12,"9":11,"10":11,"11":10,"12":10,"13":3,"14":3,"15":2,"16":2,"17":2,"18":1,"19":1,"20":1,"21":2,"22":2,"23":1,"24":1,"25":1,"26":6,"27":3},"b":{"1":[1,13],"2":[2,15],"3":[2,5],"4":[1,11],"5":[1,10],"6":[1,2],"7":[1,1],"8":[0,1]},"f":{"1":14,"2":17,"3":7,"4":12,"5":3,"6":1,"7":1,"8":2,"9":6,"10":3},"fnMap":{"1":{"name":"notListed","line":31,"loc":{"start":{"line":31,"column":4},"end":{"line":37,"column":4}}},"2":{"name":"isOwner","line":39,"loc":{"start":{"line":39,"column":4},"end":{"line":46,"column":4}}},"3":{"name":"isListed","line":48,"loc":{"start":{"line":48,"column":4},"end":{"line":54,"column":4}}},"4":{"name":"listItem","line":57,"loc":{"start":{"line":57,"column":4},"end":{"line":71,"column":4}}},"5":{"name":"buyItem","line":73,"loc":{"start":{"line":73,"column":4},"end":{"line":82,"column":4}}},"6":{"name":"cancelListing","line":84,"loc":{"start":{"line":84,"column":4},"end":{"line":87,"column":4}}},"7":{"name":"updateListing","line":89,"loc":{"start":{"line":89,"column":4},"end":{"line":92,"column":4}}},"8":{"name":"withdrawProceeds","line":94,"loc":{"start":{"line":94,"column":4},"end":{"line":105,"column":4}}},"9":{"name":"getListing","line":107,"loc":{"start":{"line":107,"column":4},"end":{"line":109,"column":4}}},"10":{"name":"getProceeds","line":111,"loc":{"start":{"line":111,"column":4},"end":{"line":113,"column":4}}}},"statementMap":{"1":{"start":{"line":32,"column":8},"end":{"line":32,"column":64}},"2":{"start":{"line":33,"column":8},"end":{"line":33,"column":1471}},"3":{"start":{"line":40,"column":8},"end":{"line":40,"column":41}},"4":{"start":{"line":41,"column":8},"end":{"line":41,"column":44}},"5":{"start":{"line":42,"column":8},"end":{"line":42,"column":1771}},"6":{"start":{"line":49,"column":8},"end":{"line":49,"column":64}},"7":{"start":{"line":50,"column":8},"end":{"line":50,"column":2008}},"8":{"start":{"line":58,"column":8},"end":{"line":58,"column":2306}},"9":{"start":{"line":62,"column":8},"end":{"line":62,"column":41}},"10":{"start":{"line":63,"column":8},"end":{"line":63,"column":2446}},"11":{"start":{"line":67,"column":8},"end":{"line":67,"column":64}},"12":{"start":{"line":68,"column":8},"end":{"line":68,"column":60}},"13":{"start":{"line":74,"column":8},"end":{"line":74,"column":63}},"14":{"start":{"line":75,"column":8},"end":{"line":75,"column":2909}},"15":{"start":{"line":78,"column":8},"end":{"line":78,"column":43}},"16":{"start":{"line":80,"column":8},"end":{"line":80,"column":77}},"17":{"start":{"line":81,"column":8},"end":{"line":81,"column":67}},"18":{"start":{"line":86,"column":8},"end":{"line":86,"column":57}},"19":{"start":{"line":90,"column":8},"end":{"line":90,"column":53}},"20":{"start":{"line":91,"column":8},"end":{"line":91,"column":63}},"21":{"start":{"line":95,"column":8},"end":{"line":95,"column":49}},"22":{"start":{"line":96,"column":8},"end":{"line":96,"column":3946}},"23":{"start":{"line":100,"column":8},"end":{"line":100,"column":31}},"24":{"start":{"line":101,"column":8},"end":{"line":101,"column":71}},"25":{"start":{"line":102,"column":8},"end":{"line":102,"column":4144}},"26":{"start":{"line":108,"column":8},"end":{"line":108,"column":46}},"27":{"start":{"line":112,"column":8},"end":{"line":112,"column":33}}},"branchMap":{"1":{"line":33,"type":"if","locations":[{"start":{"line":33,"column":8},"end":{"line":33,"column":8}},{"start":{"line":33,"column":8},"end":{"line":33,"column":8}}]},"2":{"line":42,"type":"if","locations":[{"start":{"line":42,"column":8},"end":{"line":42,"column":8}},{"start":{"line":42,"column":8},"end":{"line":42,"column":8}}]},"3":{"line":50,"type":"if","locations":[{"start":{"line":50,"column":8},"end":{"line":50,"column":8}},{"start":{"line":50,"column":8},"end":{"line":50,"column":8}}]},"4":{"line":58,"type":"if","locations":[{"start":{"line":58,"column":8},"end":{"line":58,"column":8}},{"start":{"line":58,"column":8},"end":{"line":58,"column":8}}]},"5":{"line":63,"type":"if","locations":[{"start":{"line":63,"column":8},"end":{"line":63,"column":8}},{"start":{"line":63,"column":8},"end":{"line":63,"column":8}}]},"6":{"line":75,"type":"if","locations":[{"start":{"line":75,"column":8},"end":{"line":75,"column":8}},{"start":{"line":75,"column":8},"end":{"line":75,"column":8}}]},"7":{"line":96,"type":"if","locations":[{"start":{"line":96,"column":8},"end":{"line":96,"column":8}},{"start":{"line":96,"column":8},"end":{"line":96,"column":8}}]},"8":{"line":102,"type":"if","locations":[{"start":{"line":102,"column":8},"end":{"line":102,"column":8}},{"start":{"line":102,"column":8},"end":{"line":102,"column":8}}]}}}}